{"C:\\Users\\rich_\\OneDrive\\Personal\\Futureproof\\lap3\\project\\learning-app-server\\api.js": {"path":"C:\\Users\\rich_\\OneDrive\\Personal\\Futureproof\\lap3\\project\\learning-app-server\\api.js","statementMap":{"0":{"start":{"line":1,"column":16},"end":{"line":1,"column":34}},"1":{"start":{"line":2,"column":13},"end":{"line":2,"column":28}},"2":{"start":{"line":4,"column":18},"end":{"line":4,"column":48}},"3":{"start":{"line":5,"column":19},"end":{"line":5,"column":45}},"4":{"start":{"line":6,"column":25},"end":{"line":6,"column":56}},"5":{"start":{"line":7,"column":24},"end":{"line":7,"column":54}},"6":{"start":{"line":9,"column":12},"end":{"line":9,"column":21}},"7":{"start":{"line":11,"column":0},"end":{"line":11,"column":16}},"8":{"start":{"line":12,"column":0},"end":{"line":12,"column":24}},"9":{"start":{"line":13,"column":0},"end":{"line":13,"column":19}},"10":{"start":{"line":15,"column":0},"end":{"line":19,"column":3}},"11":{"start":{"line":16,"column":4},"end":{"line":18,"column":7}},"12":{"start":{"line":21,"column":0},"end":{"line":21,"column":30}},"13":{"start":{"line":22,"column":0},"end":{"line":22,"column":41}},"14":{"start":{"line":23,"column":0},"end":{"line":23,"column":39}},"15":{"start":{"line":25,"column":0},"end":{"line":25,"column":21}}},"fnMap":{"0":{"name":"(anonymous_0)","decl":{"start":{"line":15,"column":13},"end":{"line":15,"column":14}},"loc":{"start":{"line":15,"column":27},"end":{"line":19,"column":1}},"line":15}},"branchMap":{},"s":{"0":5,"1":5,"2":5,"3":5,"4":5,"5":5,"6":5,"7":5,"8":5,"9":5,"10":5,"11":1,"12":5,"13":5,"14":5,"15":5},"f":{"0":1},"b":{},"_coverageSchema":"1a1c01bbd47fc00a2c39e90264f33305004495a9","hash":"df9227accb990d11245d7920e2603b8d1c96d41b"}
,"C:\\Users\\rich_\\OneDrive\\Personal\\Futureproof\\lap3\\project\\learning-app-server\\controllers\\categories.js": {"path":"C:\\Users\\rich_\\OneDrive\\Personal\\Futureproof\\lap3\\project\\learning-app-server\\controllers\\categories.js","statementMap":{"0":{"start":{"line":1,"column":17},"end":{"line":1,"column":46}},"1":{"start":{"line":4,"column":4},"end":{"line":11,"column":5}},"2":{"start":{"line":5,"column":23},"end":{"line":5,"column":41}},"3":{"start":{"line":6,"column":27},"end":{"line":6,"column":56}},"4":{"start":{"line":8,"column":8},"end":{"line":8,"column":41}},"5":{"start":{"line":10,"column":8},"end":{"line":10,"column":55}},"6":{"start":{"line":15,"column":4},"end":{"line":24,"column":5}},"7":{"start":{"line":16,"column":19},"end":{"line":16,"column":42}},"8":{"start":{"line":17,"column":25},"end":{"line":17,"column":54}},"9":{"start":{"line":18,"column":8},"end":{"line":20,"column":9}},"10":{"start":{"line":19,"column":12},"end":{"line":19,"column":64}},"11":{"start":{"line":21,"column":8},"end":{"line":21,"column":39}},"12":{"start":{"line":23,"column":8},"end":{"line":23,"column":53}},"13":{"start":{"line":28,"column":4},"end":{"line":35,"column":5}},"14":{"start":{"line":29,"column":21},"end":{"line":29,"column":29}},"15":{"start":{"line":30,"column":28},"end":{"line":30,"column":55}},"16":{"start":{"line":32,"column":8},"end":{"line":32,"column":42}},"17":{"start":{"line":34,"column":8},"end":{"line":34,"column":53}},"18":{"start":{"line":38,"column":0},"end":{"line":42,"column":2}}},"fnMap":{"0":{"name":"index","decl":{"start":{"line":3,"column":15},"end":{"line":3,"column":20}},"loc":{"start":{"line":3,"column":31},"end":{"line":12,"column":1}},"line":3},"1":{"name":"show","decl":{"start":{"line":14,"column":15},"end":{"line":14,"column":19}},"loc":{"start":{"line":14,"column":30},"end":{"line":25,"column":1}},"line":14},"2":{"name":"create","decl":{"start":{"line":27,"column":15},"end":{"line":27,"column":21}},"loc":{"start":{"line":27,"column":32},"end":{"line":36,"column":1}},"line":27}},"branchMap":{"0":{"loc":{"start":{"line":18,"column":8},"end":{"line":20,"column":9}},"type":"if","locations":[{"start":{"line":18,"column":8},"end":{"line":20,"column":9}},{"start":{},"end":{}}],"line":18}},"s":{"0":4,"1":2,"2":2,"3":2,"4":1,"5":1,"6":4,"7":4,"8":4,"9":4,"10":2,"11":2,"12":2,"13":0,"14":0,"15":0,"16":0,"17":0,"18":4},"f":{"0":2,"1":4,"2":0},"b":{"0":[2,2]},"_coverageSchema":"1a1c01bbd47fc00a2c39e90264f33305004495a9","hash":"71a4dd5a92bb6efa077b5d6249e4a409e9319a6c"}
,"C:\\Users\\rich_\\OneDrive\\Personal\\Futureproof\\lap3\\project\\learning-app-server\\controllers\\questions.js": {"path":"C:\\Users\\rich_\\OneDrive\\Personal\\Futureproof\\lap3\\project\\learning-app-server\\controllers\\questions.js","statementMap":{"0":{"start":{"line":1,"column":17},"end":{"line":1,"column":46}},"1":{"start":{"line":2,"column":15},"end":{"line":2,"column":42}},"2":{"start":{"line":5,"column":4},"end":{"line":17,"column":5}},"3":{"start":{"line":6,"column":26},"end":{"line":6,"column":49}},"4":{"start":{"line":9,"column":8},"end":{"line":12,"column":9}},"5":{"start":{"line":10,"column":28},"end":{"line":10,"column":62}},"6":{"start":{"line":11,"column":12},"end":{"line":11,"column":32}},"7":{"start":{"line":14,"column":8},"end":{"line":14,"column":40}},"8":{"start":{"line":16,"column":8},"end":{"line":16,"column":55}},"9":{"start":{"line":22,"column":4},"end":{"line":41,"column":5}},"10":{"start":{"line":24,"column":27},"end":{"line":24,"column":58}},"11":{"start":{"line":26,"column":22},"end":{"line":26,"column":47}},"12":{"start":{"line":27,"column":26},"end":{"line":30,"column":9}},"13":{"start":{"line":33,"column":8},"end":{"line":36,"column":9}},"14":{"start":{"line":34,"column":28},"end":{"line":34,"column":62}},"15":{"start":{"line":35,"column":12},"end":{"line":35,"column":32}},"16":{"start":{"line":38,"column":8},"end":{"line":38,"column":40}},"17":{"start":{"line":40,"column":8},"end":{"line":40,"column":55}},"18":{"start":{"line":45,"column":4},"end":{"line":55,"column":5}},"19":{"start":{"line":46,"column":19},"end":{"line":46,"column":42}},"20":{"start":{"line":47,"column":25},"end":{"line":47,"column":54}},"21":{"start":{"line":49,"column":24},"end":{"line":49,"column":65}},"22":{"start":{"line":50,"column":8},"end":{"line":50,"column":35}},"23":{"start":{"line":52,"column":8},"end":{"line":52,"column":36}},"24":{"start":{"line":54,"column":8},"end":{"line":54,"column":53}},"25":{"start":{"line":59,"column":4},"end":{"line":66,"column":5}},"26":{"start":{"line":60,"column":21},"end":{"line":60,"column":29}},"27":{"start":{"line":61,"column":28},"end":{"line":61,"column":55}},"28":{"start":{"line":63,"column":8},"end":{"line":63,"column":42}},"29":{"start":{"line":65,"column":8},"end":{"line":65,"column":53}},"30":{"start":{"line":70,"column":4},"end":{"line":77,"column":5}},"31":{"start":{"line":71,"column":19},"end":{"line":71,"column":42}},"32":{"start":{"line":72,"column":25},"end":{"line":72,"column":54}},"33":{"start":{"line":73,"column":23},"end":{"line":73,"column":47}},"34":{"start":{"line":74,"column":8},"end":{"line":74,"column":37}},"35":{"start":{"line":76,"column":8},"end":{"line":76,"column":53}},"36":{"start":{"line":80,"column":0},"end":{"line":86,"column":2}}},"fnMap":{"0":{"name":"index","decl":{"start":{"line":4,"column":15},"end":{"line":4,"column":20}},"loc":{"start":{"line":4,"column":31},"end":{"line":18,"column":1}},"line":4},"1":{"name":"getQuestionsByCategory","decl":{"start":{"line":21,"column":15},"end":{"line":21,"column":37}},"loc":{"start":{"line":21,"column":48},"end":{"line":42,"column":1}},"line":21},"2":{"name":"show","decl":{"start":{"line":44,"column":15},"end":{"line":44,"column":19}},"loc":{"start":{"line":44,"column":30},"end":{"line":56,"column":1}},"line":44},"3":{"name":"create","decl":{"start":{"line":58,"column":15},"end":{"line":58,"column":21}},"loc":{"start":{"line":58,"column":32},"end":{"line":67,"column":1}},"line":58},"4":{"name":"destroy","decl":{"start":{"line":69,"column":15},"end":{"line":69,"column":22}},"loc":{"start":{"line":69,"column":33},"end":{"line":78,"column":1}},"line":69}},"branchMap":{},"s":{"0":4,"1":4,"2":0,"3":0,"4":0,"5":0,"6":0,"7":0,"8":0,"9":0,"10":0,"11":0,"12":0,"13":0,"14":0,"15":0,"16":0,"17":0,"18":0,"19":0,"20":0,"21":0,"22":0,"23":0,"24":0,"25":0,"26":0,"27":0,"28":0,"29":0,"30":0,"31":0,"32":0,"33":0,"34":0,"35":0,"36":4},"f":{"0":0,"1":0,"2":0,"3":0,"4":0},"b":{},"_coverageSchema":"1a1c01bbd47fc00a2c39e90264f33305004495a9","hash":"e80fe7fb0e277280367ee887d55c6252a71f6146"}
,"C:\\Users\\rich_\\OneDrive\\Personal\\Futureproof\\lap3\\project\\learning-app-server\\controllers\\users.js": {"path":"C:\\Users\\rich_\\OneDrive\\Personal\\Futureproof\\lap3\\project\\learning-app-server\\controllers\\users.js","statementMap":{"0":{"start":{"line":1,"column":15},"end":{"line":1,"column":32}},"1":{"start":{"line":3,"column":13},"end":{"line":3,"column":38}},"2":{"start":{"line":4,"column":14},"end":{"line":4,"column":40}},"3":{"start":{"line":7,"column":4},"end":{"line":30,"column":5}},"4":{"start":{"line":8,"column":21},"end":{"line":8,"column":29}},"5":{"start":{"line":9,"column":21},"end":{"line":9,"column":45}},"6":{"start":{"line":10,"column":31},"end":{"line":10,"column":69}},"7":{"start":{"line":11,"column":8},"end":{"line":18,"column":9}},"8":{"start":{"line":17,"column":12},"end":{"line":17,"column":58}},"9":{"start":{"line":19,"column":8},"end":{"line":21,"column":9}},"10":{"start":{"line":20,"column":12},"end":{"line":20,"column":53}},"11":{"start":{"line":23,"column":21},"end":{"line":23,"column":77}},"12":{"start":{"line":24,"column":22},"end":{"line":24,"column":49}},"13":{"start":{"line":25,"column":8},"end":{"line":25,"column":29}},"14":{"start":{"line":26,"column":8},"end":{"line":26,"column":33}},"15":{"start":{"line":27,"column":8},"end":{"line":27,"column":67}},"16":{"start":{"line":29,"column":8},"end":{"line":29,"column":55}},"17":{"start":{"line":34,"column":4},"end":{"line":57,"column":5}},"18":{"start":{"line":35,"column":21},"end":{"line":35,"column":29}},"19":{"start":{"line":36,"column":21},"end":{"line":36,"column":57}},"20":{"start":{"line":38,"column":8},"end":{"line":42,"column":9}},"21":{"start":{"line":39,"column":12},"end":{"line":41,"column":15}},"22":{"start":{"line":43,"column":30},"end":{"line":46,"column":9}},"23":{"start":{"line":47,"column":8},"end":{"line":54,"column":9}},"24":{"start":{"line":48,"column":12},"end":{"line":48,"column":53}},"25":{"start":{"line":50,"column":26},"end":{"line":50,"column":53}},"26":{"start":{"line":51,"column":12},"end":{"line":51,"column":33}},"27":{"start":{"line":52,"column":12},"end":{"line":52,"column":37}},"28":{"start":{"line":53,"column":12},"end":{"line":53,"column":71}},"29":{"start":{"line":56,"column":8},"end":{"line":56,"column":55}},"30":{"start":{"line":61,"column":4},"end":{"line":77,"column":5}},"31":{"start":{"line":62,"column":26},"end":{"line":62,"column":54}},"32":{"start":{"line":64,"column":27},"end":{"line":64,"column":63}},"33":{"start":{"line":66,"column":8},"end":{"line":68,"column":9}},"34":{"start":{"line":67,"column":12},"end":{"line":67,"column":35}},"35":{"start":{"line":70,"column":8},"end":{"line":70,"column":29}},"36":{"start":{"line":72,"column":8},"end":{"line":74,"column":11}},"37":{"start":{"line":76,"column":8},"end":{"line":76,"column":55}},"38":{"start":{"line":81,"column":4},"end":{"line":100,"column":5}},"39":{"start":{"line":82,"column":26},"end":{"line":82,"column":54}},"40":{"start":{"line":84,"column":8},"end":{"line":86,"column":9}},"41":{"start":{"line":85,"column":12},"end":{"line":85,"column":78}},"42":{"start":{"line":88,"column":27},"end":{"line":88,"column":63}},"43":{"start":{"line":90,"column":8},"end":{"line":92,"column":9}},"44":{"start":{"line":91,"column":12},"end":{"line":91,"column":35}},"45":{"start":{"line":94,"column":21},"end":{"line":94,"column":62}},"46":{"start":{"line":95,"column":8},"end":{"line":95,"column":67}},"47":{"start":{"line":97,"column":8},"end":{"line":99,"column":11}},"48":{"start":{"line":103,"column":0},"end":{"line":108,"column":2}}},"fnMap":{"0":{"name":"register","decl":{"start":{"line":6,"column":15},"end":{"line":6,"column":23}},"loc":{"start":{"line":6,"column":34},"end":{"line":31,"column":1}},"line":6},"1":{"name":"login","decl":{"start":{"line":33,"column":15},"end":{"line":33,"column":20}},"loc":{"start":{"line":33,"column":31},"end":{"line":58,"column":1}},"line":33},"2":{"name":"logout","decl":{"start":{"line":60,"column":15},"end":{"line":60,"column":21}},"loc":{"start":{"line":60,"column":32},"end":{"line":78,"column":1}},"line":60},"3":{"name":"authorize","decl":{"start":{"line":80,"column":15},"end":{"line":80,"column":24}},"loc":{"start":{"line":80,"column":35},"end":{"line":101,"column":1}},"line":80}},"branchMap":{"0":{"loc":{"start":{"line":11,"column":8},"end":{"line":18,"column":9}},"type":"if","locations":[{"start":{"line":11,"column":8},"end":{"line":18,"column":9}},{"start":{},"end":{}}],"line":11},"1":{"loc":{"start":{"line":12,"column":12},"end":{"line":15,"column":31}},"type":"binary-expr","locations":[{"start":{"line":12,"column":12},"end":{"line":12,"column":33}},{"start":{"line":13,"column":12},"end":{"line":13,"column":32}},{"start":{"line":14,"column":12},"end":{"line":14,"column":28}},{"start":{"line":15,"column":12},"end":{"line":15,"column":31}}],"line":12},"2":{"loc":{"start":{"line":19,"column":8},"end":{"line":21,"column":9}},"type":"if","locations":[{"start":{"line":19,"column":8},"end":{"line":21,"column":9}},{"start":{},"end":{}}],"line":19},"3":{"loc":{"start":{"line":38,"column":8},"end":{"line":42,"column":9}},"type":"if","locations":[{"start":{"line":38,"column":8},"end":{"line":42,"column":9}},{"start":{},"end":{}}],"line":38},"4":{"loc":{"start":{"line":47,"column":8},"end":{"line":54,"column":9}},"type":"if","locations":[{"start":{"line":47,"column":8},"end":{"line":54,"column":9}},{"start":{"line":49,"column":15},"end":{"line":54,"column":9}}],"line":47},"5":{"loc":{"start":{"line":66,"column":8},"end":{"line":68,"column":9}},"type":"if","locations":[{"start":{"line":66,"column":8},"end":{"line":68,"column":9}},{"start":{},"end":{}}],"line":66},"6":{"loc":{"start":{"line":84,"column":8},"end":{"line":86,"column":9}},"type":"if","locations":[{"start":{"line":84,"column":8},"end":{"line":86,"column":9}},{"start":{},"end":{}}],"line":84},"7":{"loc":{"start":{"line":90,"column":8},"end":{"line":92,"column":9}},"type":"if","locations":[{"start":{"line":90,"column":8},"end":{"line":92,"column":9}},{"start":{},"end":{}}],"line":90}},"s":{"0":4,"1":4,"2":4,"3":0,"4":0,"5":0,"6":0,"7":0,"8":0,"9":0,"10":0,"11":0,"12":0,"13":0,"14":0,"15":0,"16":0,"17":0,"18":0,"19":0,"20":0,"21":0,"22":0,"23":0,"24":0,"25":0,"26":0,"27":0,"28":0,"29":0,"30":0,"31":0,"32":0,"33":0,"34":0,"35":0,"36":0,"37":0,"38":0,"39":0,"40":0,"41":0,"42":0,"43":0,"44":0,"45":0,"46":0,"47":0,"48":4},"f":{"0":0,"1":0,"2":0,"3":0},"b":{"0":[0,0],"1":[0,0,0,0],"2":[0,0],"3":[0,0],"4":[0,0],"5":[0,0],"6":[0,0],"7":[0,0]},"_coverageSchema":"1a1c01bbd47fc00a2c39e90264f33305004495a9","hash":"a5284d1d21a5dfa6ba23d9b4ab7fd7a46c2fd437"}
,"C:\\Users\\rich_\\OneDrive\\Personal\\Futureproof\\lap3\\project\\learning-app-server\\database\\connect.js": {"path":"C:\\Users\\rich_\\OneDrive\\Personal\\Futureproof\\lap3\\project\\learning-app-server\\database\\connect.js","statementMap":{"0":{"start":{"line":1,"column":17},"end":{"line":1,"column":30}},"1":{"start":{"line":2,"column":0},"end":{"line":2,"column":27}},"2":{"start":{"line":4,"column":11},"end":{"line":6,"column":2}},"3":{"start":{"line":8,"column":0},"end":{"line":8,"column":42}},"4":{"start":{"line":10,"column":0},"end":{"line":10,"column":20}}},"fnMap":{},"branchMap":{},"s":{"0":6,"1":6,"2":6,"3":6,"4":6},"f":{},"b":{},"_coverageSchema":"1a1c01bbd47fc00a2c39e90264f33305004495a9","hash":"268ab326ccf71da675e4f3a57094e7fb92a85810"}
,"C:\\Users\\rich_\\OneDrive\\Personal\\Futureproof\\lap3\\project\\learning-app-server\\middleware\\authenticator.js": {"path":"C:\\Users\\rich_\\OneDrive\\Personal\\Futureproof\\lap3\\project\\learning-app-server\\middleware\\authenticator.js","statementMap":{"0":{"start":{"line":1,"column":14},"end":{"line":1,"column":40}},"1":{"start":{"line":4,"column":4},"end":{"line":15,"column":5}},"2":{"start":{"line":5,"column":26},"end":{"line":5,"column":54}},"3":{"start":{"line":7,"column":8},"end":{"line":12,"column":9}},"4":{"start":{"line":8,"column":12},"end":{"line":8,"column":54}},"5":{"start":{"line":10,"column":31},"end":{"line":10,"column":67}},"6":{"start":{"line":11,"column":12},"end":{"line":11,"column":19}},"7":{"start":{"line":14,"column":8},"end":{"line":14,"column":55}},"8":{"start":{"line":18,"column":0},"end":{"line":18,"column":31}}},"fnMap":{"0":{"name":"authenticator","decl":{"start":{"line":3,"column":15},"end":{"line":3,"column":28}},"loc":{"start":{"line":3,"column":45},"end":{"line":16,"column":1}},"line":3}},"branchMap":{"0":{"loc":{"start":{"line":7,"column":8},"end":{"line":12,"column":9}},"type":"if","locations":[{"start":{"line":7,"column":8},"end":{"line":12,"column":9}},{"start":{"line":9,"column":15},"end":{"line":12,"column":9}}],"line":7}},"s":{"0":5,"1":0,"2":0,"3":0,"4":0,"5":0,"6":0,"7":0,"8":5},"f":{"0":0},"b":{"0":[0,0]},"_coverageSchema":"1a1c01bbd47fc00a2c39e90264f33305004495a9","hash":"76d20405fa99f612ad8de44995a2456a528ea8f8"}
,"C:\\Users\\rich_\\OneDrive\\Personal\\Futureproof\\lap3\\project\\learning-app-server\\middleware\\logger.js": {"path":"C:\\Users\\rich_\\OneDrive\\Personal\\Futureproof\\lap3\\project\\learning-app-server\\middleware\\logger.js","statementMap":{"0":{"start":{"line":2,"column":4},"end":{"line":2,"column":45}},"1":{"start":{"line":3,"column":4},"end":{"line":3,"column":11}},"2":{"start":{"line":6,"column":0},"end":{"line":6,"column":27}}},"fnMap":{"0":{"name":"logRoutes","decl":{"start":{"line":1,"column":9},"end":{"line":1,"column":18}},"loc":{"start":{"line":1,"column":35},"end":{"line":4,"column":1}},"line":1}},"branchMap":{},"s":{"0":13,"1":13,"2":5},"f":{"0":13},"b":{},"_coverageSchema":"1a1c01bbd47fc00a2c39e90264f33305004495a9","hash":"0bddd4e7954a0fd214f3e5b5901b3e53aea7efd1"}
,"C:\\Users\\rich_\\OneDrive\\Personal\\Futureproof\\lap3\\project\\learning-app-server\\models\\Answer.js": {"path":"C:\\Users\\rich_\\OneDrive\\Personal\\Futureproof\\lap3\\project\\learning-app-server\\models\\Answer.js","statementMap":{"0":{"start":{"line":1,"column":11},"end":{"line":1,"column":41}},"1":{"start":{"line":5,"column":8},"end":{"line":5,"column":21}},"2":{"start":{"line":6,"column":8},"end":{"line":6,"column":39}},"3":{"start":{"line":7,"column":8},"end":{"line":7,"column":29}},"4":{"start":{"line":8,"column":8},"end":{"line":8,"column":31}},"5":{"start":{"line":12,"column":25},"end":{"line":12,"column":65}},"6":{"start":{"line":13,"column":8},"end":{"line":13,"column":55}},"7":{"start":{"line":13,"column":40},"end":{"line":13,"column":53}},"8":{"start":{"line":17,"column":25},"end":{"line":20,"column":9}},"9":{"start":{"line":21,"column":22},"end":{"line":21,"column":41}},"10":{"start":{"line":22,"column":26},"end":{"line":22,"column":56}},"11":{"start":{"line":23,"column":8},"end":{"line":23,"column":25}},"12":{"start":{"line":27,"column":25},"end":{"line":29,"column":10}},"13":{"start":{"line":30,"column":8},"end":{"line":34,"column":9}},"14":{"start":{"line":31,"column":12},"end":{"line":31,"column":57}},"15":{"start":{"line":33,"column":12},"end":{"line":33,"column":48}},"16":{"start":{"line":38,"column":25},"end":{"line":41,"column":9}},"17":{"start":{"line":42,"column":8},"end":{"line":46,"column":9}},"18":{"start":{"line":43,"column":12},"end":{"line":43,"column":57}},"19":{"start":{"line":45,"column":12},"end":{"line":45,"column":59}},"20":{"start":{"line":45,"column":44},"end":{"line":45,"column":57}},"21":{"start":{"line":50,"column":23},"end":{"line":53,"column":9}},"22":{"start":{"line":55,"column":8},"end":{"line":55,"column":44}},"23":{"start":{"line":59,"column":0},"end":{"line":59,"column":24}}},"fnMap":{"0":{"name":"(anonymous_0)","decl":{"start":{"line":4,"column":4},"end":{"line":4,"column":5}},"loc":{"start":{"line":4,"column":54},"end":{"line":9,"column":5}},"line":4},"1":{"name":"(anonymous_1)","decl":{"start":{"line":11,"column":4},"end":{"line":11,"column":5}},"loc":{"start":{"line":11,"column":26},"end":{"line":14,"column":5}},"line":11},"2":{"name":"(anonymous_2)","decl":{"start":{"line":13,"column":33},"end":{"line":13,"column":34}},"loc":{"start":{"line":13,"column":40},"end":{"line":13,"column":53}},"line":13},"3":{"name":"(anonymous_3)","decl":{"start":{"line":16,"column":4},"end":{"line":16,"column":5}},"loc":{"start":{"line":16,"column":62},"end":{"line":24,"column":5}},"line":16},"4":{"name":"(anonymous_4)","decl":{"start":{"line":26,"column":4},"end":{"line":26,"column":5}},"loc":{"start":{"line":26,"column":32},"end":{"line":35,"column":5}},"line":26},"5":{"name":"(anonymous_5)","decl":{"start":{"line":37,"column":4},"end":{"line":37,"column":5}},"loc":{"start":{"line":37,"column":46},"end":{"line":47,"column":5}},"line":37},"6":{"name":"(anonymous_6)","decl":{"start":{"line":45,"column":37},"end":{"line":45,"column":38}},"loc":{"start":{"line":45,"column":44},"end":{"line":45,"column":57}},"line":45},"7":{"name":"(anonymous_7)","decl":{"start":{"line":49,"column":4},"end":{"line":49,"column":5}},"loc":{"start":{"line":49,"column":20},"end":{"line":56,"column":5}},"line":49}},"branchMap":{"0":{"loc":{"start":{"line":30,"column":8},"end":{"line":34,"column":9}},"type":"if","locations":[{"start":{"line":30,"column":8},"end":{"line":34,"column":9}},{"start":{"line":32,"column":15},"end":{"line":34,"column":9}}],"line":30},"1":{"loc":{"start":{"line":42,"column":8},"end":{"line":46,"column":9}},"type":"if","locations":[{"start":{"line":42,"column":8},"end":{"line":46,"column":9}},{"start":{"line":44,"column":15},"end":{"line":46,"column":9}}],"line":42}},"s":{"0":4,"1":0,"2":0,"3":0,"4":0,"5":0,"6":0,"7":0,"8":0,"9":0,"10":0,"11":0,"12":0,"13":0,"14":0,"15":0,"16":0,"17":0,"18":0,"19":0,"20":0,"21":0,"22":0,"23":4},"f":{"0":0,"1":0,"2":0,"3":0,"4":0,"5":0,"6":0,"7":0},"b":{"0":[0,0],"1":[0,0]},"_coverageSchema":"1a1c01bbd47fc00a2c39e90264f33305004495a9","hash":"4a6cdf87845b3ea9bac8e1f6a65d44ef49eb173e"}
,"C:\\Users\\rich_\\OneDrive\\Personal\\Futureproof\\lap3\\project\\learning-app-server\\models\\Category.js": {"path":"C:\\Users\\rich_\\OneDrive\\Personal\\Futureproof\\lap3\\project\\learning-app-server\\models\\Category.js","statementMap":{"0":{"start":{"line":1,"column":11},"end":{"line":1,"column":41}},"1":{"start":{"line":5,"column":8},"end":{"line":5,"column":21}},"2":{"start":{"line":6,"column":8},"end":{"line":6,"column":25}},"3":{"start":{"line":7,"column":8},"end":{"line":7,"column":39}},"4":{"start":{"line":11,"column":25},"end":{"line":14,"column":9}},"5":{"start":{"line":15,"column":8},"end":{"line":15,"column":57}},"6":{"start":{"line":15,"column":40},"end":{"line":15,"column":55}},"7":{"start":{"line":19,"column":25},"end":{"line":22,"column":9}},"8":{"start":{"line":23,"column":8},"end":{"line":25,"column":9}},"9":{"start":{"line":24,"column":12},"end":{"line":24,"column":60}},"10":{"start":{"line":26,"column":8},"end":{"line":26,"column":46}},"11":{"start":{"line":30,"column":46},"end":{"line":30,"column":50}},"12":{"start":{"line":31,"column":25},"end":{"line":34,"column":9}},"13":{"start":{"line":35,"column":8},"end":{"line":35,"column":57}},"14":{"start":{"line":35,"column":40},"end":{"line":35,"column":55}},"15":{"start":{"line":39,"column":0},"end":{"line":39,"column":26}}},"fnMap":{"0":{"name":"(anonymous_0)","decl":{"start":{"line":4,"column":4},"end":{"line":4,"column":5}},"loc":{"start":{"line":4,"column":43},"end":{"line":8,"column":5}},"line":4},"1":{"name":"(anonymous_1)","decl":{"start":{"line":10,"column":4},"end":{"line":10,"column":5}},"loc":{"start":{"line":10,"column":32},"end":{"line":16,"column":5}},"line":10},"2":{"name":"(anonymous_2)","decl":{"start":{"line":15,"column":33},"end":{"line":15,"column":34}},"loc":{"start":{"line":15,"column":40},"end":{"line":15,"column":55}},"line":15},"3":{"name":"(anonymous_3)","decl":{"start":{"line":18,"column":4},"end":{"line":18,"column":5}},"loc":{"start":{"line":18,"column":32},"end":{"line":27,"column":5}},"line":18},"4":{"name":"(anonymous_4)","decl":{"start":{"line":29,"column":4},"end":{"line":29,"column":5}},"loc":{"start":{"line":29,"column":30},"end":{"line":36,"column":5}},"line":29},"5":{"name":"(anonymous_5)","decl":{"start":{"line":35,"column":33},"end":{"line":35,"column":34}},"loc":{"start":{"line":35,"column":40},"end":{"line":35,"column":55}},"line":35}},"branchMap":{"0":{"loc":{"start":{"line":23,"column":8},"end":{"line":25,"column":9}},"type":"if","locations":[{"start":{"line":23,"column":8},"end":{"line":25,"column":9}},{"start":{},"end":{}}],"line":23}},"s":{"0":4,"1":0,"2":0,"3":0,"4":0,"5":0,"6":0,"7":0,"8":0,"9":0,"10":0,"11":0,"12":0,"13":0,"14":0,"15":4},"f":{"0":0,"1":0,"2":0,"3":0,"4":0,"5":0},"b":{"0":[0,0]},"_coverageSchema":"1a1c01bbd47fc00a2c39e90264f33305004495a9","hash":"e7e1f9495bc60e66d890ce4d5f8e31a171ff1f5a"}
,"C:\\Users\\rich_\\OneDrive\\Personal\\Futureproof\\lap3\\project\\learning-app-server\\models\\Question.js": {"path":"C:\\Users\\rich_\\OneDrive\\Personal\\Futureproof\\lap3\\project\\learning-app-server\\models\\Question.js","statementMap":{"0":{"start":{"line":1,"column":11},"end":{"line":1,"column":41}},"1":{"start":{"line":5,"column":8},"end":{"line":5,"column":21}},"2":{"start":{"line":6,"column":8},"end":{"line":6,"column":39}},"3":{"start":{"line":7,"column":8},"end":{"line":7,"column":33}},"4":{"start":{"line":11,"column":25},"end":{"line":11,"column":67}},"5":{"start":{"line":12,"column":8},"end":{"line":12,"column":57}},"6":{"start":{"line":12,"column":40},"end":{"line":12,"column":55}},"7":{"start":{"line":16,"column":25},"end":{"line":19,"column":9}},"8":{"start":{"line":20,"column":22},"end":{"line":20,"column":41}},"9":{"start":{"line":21,"column":28},"end":{"line":21,"column":60}},"10":{"start":{"line":22,"column":8},"end":{"line":22,"column":27}},"11":{"start":{"line":26,"column":25},"end":{"line":29,"column":9}},"12":{"start":{"line":30,"column":8},"end":{"line":34,"column":9}},"13":{"start":{"line":31,"column":12},"end":{"line":31,"column":59}},"14":{"start":{"line":33,"column":12},"end":{"line":33,"column":50}},"15":{"start":{"line":38,"column":25},"end":{"line":41,"column":9}},"16":{"start":{"line":42,"column":8},"end":{"line":46,"column":9}},"17":{"start":{"line":43,"column":12},"end":{"line":43,"column":59}},"18":{"start":{"line":45,"column":12},"end":{"line":45,"column":61}},"19":{"start":{"line":45,"column":44},"end":{"line":45,"column":59}},"20":{"start":{"line":50,"column":23},"end":{"line":53,"column":9}},"21":{"start":{"line":55,"column":8},"end":{"line":55,"column":46}},"22":{"start":{"line":59,"column":0},"end":{"line":59,"column":26}}},"fnMap":{"0":{"name":"(anonymous_0)","decl":{"start":{"line":4,"column":4},"end":{"line":4,"column":5}},"loc":{"start":{"line":4,"column":47},"end":{"line":8,"column":5}},"line":4},"1":{"name":"(anonymous_1)","decl":{"start":{"line":10,"column":4},"end":{"line":10,"column":5}},"loc":{"start":{"line":10,"column":26},"end":{"line":13,"column":5}},"line":10},"2":{"name":"(anonymous_2)","decl":{"start":{"line":12,"column":33},"end":{"line":12,"column":34}},"loc":{"start":{"line":12,"column":40},"end":{"line":12,"column":55}},"line":12},"3":{"name":"(anonymous_3)","decl":{"start":{"line":15,"column":4},"end":{"line":15,"column":5}},"loc":{"start":{"line":15,"column":51},"end":{"line":23,"column":5}},"line":15},"4":{"name":"(anonymous_4)","decl":{"start":{"line":25,"column":4},"end":{"line":25,"column":5}},"loc":{"start":{"line":25,"column":32},"end":{"line":35,"column":5}},"line":25},"5":{"name":"(anonymous_5)","decl":{"start":{"line":37,"column":4},"end":{"line":37,"column":5}},"loc":{"start":{"line":37,"column":59},"end":{"line":47,"column":5}},"line":37},"6":{"name":"(anonymous_6)","decl":{"start":{"line":45,"column":37},"end":{"line":45,"column":38}},"loc":{"start":{"line":45,"column":44},"end":{"line":45,"column":59}},"line":45},"7":{"name":"(anonymous_7)","decl":{"start":{"line":49,"column":4},"end":{"line":49,"column":5}},"loc":{"start":{"line":49,"column":20},"end":{"line":56,"column":5}},"line":49}},"branchMap":{"0":{"loc":{"start":{"line":30,"column":8},"end":{"line":34,"column":9}},"type":"if","locations":[{"start":{"line":30,"column":8},"end":{"line":34,"column":9}},{"start":{"line":32,"column":15},"end":{"line":34,"column":9}}],"line":30},"1":{"loc":{"start":{"line":42,"column":8},"end":{"line":46,"column":9}},"type":"if","locations":[{"start":{"line":42,"column":8},"end":{"line":46,"column":9}},{"start":{"line":44,"column":15},"end":{"line":46,"column":9}}],"line":42}},"s":{"0":4,"1":0,"2":0,"3":0,"4":0,"5":0,"6":0,"7":0,"8":0,"9":0,"10":0,"11":0,"12":0,"13":0,"14":0,"15":0,"16":0,"17":0,"18":0,"19":0,"20":0,"21":0,"22":4},"f":{"0":0,"1":0,"2":0,"3":0,"4":0,"5":0,"6":0,"7":0},"b":{"0":[0,0],"1":[0,0]},"_coverageSchema":"1a1c01bbd47fc00a2c39e90264f33305004495a9","hash":"25d296b34e9514d85e32468e457607d9e49375dd"}
,"C:\\Users\\rich_\\OneDrive\\Personal\\Futureproof\\lap3\\project\\learning-app-server\\models\\Token.js": {"path":"C:\\Users\\rich_\\OneDrive\\Personal\\Futureproof\\lap3\\project\\learning-app-server\\models\\Token.js","statementMap":{"0":{"start":{"line":1,"column":23},"end":{"line":1,"column":38}},"1":{"start":{"line":3,"column":11},"end":{"line":3,"column":41}},"2":{"start":{"line":7,"column":8},"end":{"line":7,"column":21}},"3":{"start":{"line":8,"column":8},"end":{"line":8,"column":31}},"4":{"start":{"line":9,"column":8},"end":{"line":9,"column":27}},"5":{"start":{"line":13,"column":22},"end":{"line":13,"column":30}},"6":{"start":{"line":14,"column":25},"end":{"line":17,"column":9}},"7":{"start":{"line":18,"column":22},"end":{"line":18,"column":41}},"8":{"start":{"line":19,"column":25},"end":{"line":19,"column":54}},"9":{"start":{"line":20,"column":8},"end":{"line":20,"column":24}},"10":{"start":{"line":24,"column":25},"end":{"line":26,"column":10}},"11":{"start":{"line":27,"column":8},"end":{"line":31,"column":9}},"12":{"start":{"line":28,"column":12},"end":{"line":28,"column":55}},"13":{"start":{"line":30,"column":12},"end":{"line":30,"column":47}},"14":{"start":{"line":35,"column":25},"end":{"line":38,"column":9}},"15":{"start":{"line":39,"column":8},"end":{"line":43,"column":9}},"16":{"start":{"line":40,"column":12},"end":{"line":40,"column":55}},"17":{"start":{"line":42,"column":12},"end":{"line":42,"column":47}},"18":{"start":{"line":47,"column":23},"end":{"line":50,"column":9}},"19":{"start":{"line":52,"column":8},"end":{"line":52,"column":43}},"20":{"start":{"line":56,"column":0},"end":{"line":56,"column":23}}},"fnMap":{"0":{"name":"(anonymous_0)","decl":{"start":{"line":6,"column":4},"end":{"line":6,"column":5}},"loc":{"start":{"line":6,"column":40},"end":{"line":10,"column":5}},"line":6},"1":{"name":"(anonymous_1)","decl":{"start":{"line":12,"column":4},"end":{"line":12,"column":5}},"loc":{"start":{"line":12,"column":33},"end":{"line":21,"column":5}},"line":12},"2":{"name":"(anonymous_2)","decl":{"start":{"line":23,"column":4},"end":{"line":23,"column":5}},"loc":{"start":{"line":23,"column":32},"end":{"line":32,"column":5}},"line":23},"3":{"name":"(anonymous_3)","decl":{"start":{"line":34,"column":4},"end":{"line":34,"column":5}},"loc":{"start":{"line":34,"column":38},"end":{"line":44,"column":5}},"line":34},"4":{"name":"(anonymous_4)","decl":{"start":{"line":46,"column":4},"end":{"line":46,"column":5}},"loc":{"start":{"line":46,"column":20},"end":{"line":53,"column":5}},"line":46}},"branchMap":{"0":{"loc":{"start":{"line":27,"column":8},"end":{"line":31,"column":9}},"type":"if","locations":[{"start":{"line":27,"column":8},"end":{"line":31,"column":9}},{"start":{"line":29,"column":15},"end":{"line":31,"column":9}}],"line":27},"1":{"loc":{"start":{"line":39,"column":8},"end":{"line":43,"column":9}},"type":"if","locations":[{"start":{"line":39,"column":8},"end":{"line":43,"column":9}},{"start":{"line":41,"column":15},"end":{"line":43,"column":9}}],"line":39}},"s":{"0":5,"1":5,"2":0,"3":0,"4":0,"5":0,"6":0,"7":0,"8":0,"9":0,"10":0,"11":0,"12":0,"13":0,"14":0,"15":0,"16":0,"17":0,"18":0,"19":0,"20":5},"f":{"0":0,"1":0,"2":0,"3":0,"4":0},"b":{"0":[0,0],"1":[0,0]},"_coverageSchema":"1a1c01bbd47fc00a2c39e90264f33305004495a9","hash":"259c0dbb4ed627219af1e0442525d43a37616cbd"}
,"C:\\Users\\rich_\\OneDrive\\Personal\\Futureproof\\lap3\\project\\learning-app-server\\models\\User.js": {"path":"C:\\Users\\rich_\\OneDrive\\Personal\\Futureproof\\lap3\\project\\learning-app-server\\models\\User.js","statementMap":{"0":{"start":{"line":1,"column":11},"end":{"line":1,"column":41}},"1":{"start":{"line":5,"column":8},"end":{"line":5,"column":21}},"2":{"start":{"line":6,"column":8},"end":{"line":6,"column":37}},"3":{"start":{"line":7,"column":8},"end":{"line":7,"column":35}},"4":{"start":{"line":8,"column":8},"end":{"line":8,"column":27}},"5":{"start":{"line":9,"column":8},"end":{"line":9,"column":33}},"6":{"start":{"line":13,"column":25},"end":{"line":15,"column":10}},"7":{"start":{"line":16,"column":8},"end":{"line":18,"column":9}},"8":{"start":{"line":17,"column":12},"end":{"line":17,"column":54}},"9":{"start":{"line":19,"column":8},"end":{"line":19,"column":42}},"10":{"start":{"line":23,"column":25},"end":{"line":26,"column":9}},"11":{"start":{"line":27,"column":8},"end":{"line":29,"column":9}},"12":{"start":{"line":28,"column":12},"end":{"line":28,"column":54}},"13":{"start":{"line":30,"column":8},"end":{"line":30,"column":42}},"14":{"start":{"line":34,"column":25},"end":{"line":37,"column":9}},"15":{"start":{"line":38,"column":8},"end":{"line":38,"column":41}},"16":{"start":{"line":42,"column":59},"end":{"line":42,"column":63}},"17":{"start":{"line":43,"column":23},"end":{"line":46,"column":9}},"18":{"start":{"line":47,"column":22},"end":{"line":47,"column":41}},"19":{"start":{"line":48,"column":24},"end":{"line":48,"column":52}},"20":{"start":{"line":49,"column":8},"end":{"line":49,"column":23}},"21":{"start":{"line":53,"column":0},"end":{"line":53,"column":22}}},"fnMap":{"0":{"name":"(anonymous_0)","decl":{"start":{"line":4,"column":4},"end":{"line":4,"column":5}},"loc":{"start":{"line":4,"column":64},"end":{"line":10,"column":5}},"line":4},"1":{"name":"(anonymous_1)","decl":{"start":{"line":12,"column":4},"end":{"line":12,"column":5}},"loc":{"start":{"line":12,"column":32},"end":{"line":20,"column":5}},"line":12},"2":{"name":"(anonymous_2)","decl":{"start":{"line":22,"column":4},"end":{"line":22,"column":5}},"loc":{"start":{"line":22,"column":38},"end":{"line":31,"column":5}},"line":22},"3":{"name":"(anonymous_3)","decl":{"start":{"line":33,"column":4},"end":{"line":33,"column":5}},"loc":{"start":{"line":33,"column":35},"end":{"line":39,"column":5}},"line":33},"4":{"name":"(anonymous_4)","decl":{"start":{"line":41,"column":4},"end":{"line":41,"column":5}},"loc":{"start":{"line":41,"column":30},"end":{"line":50,"column":5}},"line":41}},"branchMap":{"0":{"loc":{"start":{"line":16,"column":8},"end":{"line":18,"column":9}},"type":"if","locations":[{"start":{"line":16,"column":8},"end":{"line":18,"column":9}},{"start":{},"end":{}}],"line":16},"1":{"loc":{"start":{"line":27,"column":8},"end":{"line":29,"column":9}},"type":"if","locations":[{"start":{"line":27,"column":8},"end":{"line":29,"column":9}},{"start":{},"end":{}}],"line":27}},"s":{"0":4,"1":0,"2":0,"3":0,"4":0,"5":0,"6":0,"7":0,"8":0,"9":0,"10":0,"11":0,"12":0,"13":0,"14":0,"15":0,"16":0,"17":0,"18":0,"19":0,"20":0,"21":4},"f":{"0":0,"1":0,"2":0,"3":0,"4":0},"b":{"0":[0,0],"1":[0,0]},"_coverageSchema":"1a1c01bbd47fc00a2c39e90264f33305004495a9","hash":"071aa0aa0b2532a9fd3171be622669770ee35a47"}
,"C:\\Users\\rich_\\OneDrive\\Personal\\Futureproof\\lap3\\project\\learning-app-server\\routers\\categories.js": {"path":"C:\\Users\\rich_\\OneDrive\\Personal\\Futureproof\\lap3\\project\\learning-app-server\\routers\\categories.js","statementMap":{"0":{"start":{"line":1,"column":19},"end":{"line":1,"column":37}},"1":{"start":{"line":3,"column":29},"end":{"line":3,"column":65}},"2":{"start":{"line":5,"column":25},"end":{"line":5,"column":33}},"3":{"start":{"line":7,"column":0},"end":{"line":7,"column":54}},"4":{"start":{"line":8,"column":0},"end":{"line":8,"column":56}},"5":{"start":{"line":9,"column":0},"end":{"line":9,"column":56}},"6":{"start":{"line":11,"column":0},"end":{"line":11,"column":34}}},"fnMap":{},"branchMap":{},"s":{"0":5,"1":5,"2":5,"3":5,"4":5,"5":5,"6":5},"f":{},"b":{},"_coverageSchema":"1a1c01bbd47fc00a2c39e90264f33305004495a9","hash":"b298907deb6609230d3dc1e78a516f6875abd2c4"}
,"C:\\Users\\rich_\\OneDrive\\Personal\\Futureproof\\lap3\\project\\learning-app-server\\routers\\questions.js": {"path":"C:\\Users\\rich_\\OneDrive\\Personal\\Futureproof\\lap3\\project\\learning-app-server\\routers\\questions.js","statementMap":{"0":{"start":{"line":1,"column":19},"end":{"line":1,"column":37}},"1":{"start":{"line":3,"column":28},"end":{"line":3,"column":63}},"2":{"start":{"line":5,"column":24},"end":{"line":5,"column":32}},"3":{"start":{"line":7,"column":0},"end":{"line":10,"column":2}},"4":{"start":{"line":11,"column":0},"end":{"line":11,"column":52}},"5":{"start":{"line":12,"column":0},"end":{"line":12,"column":54}},"6":{"start":{"line":13,"column":0},"end":{"line":13,"column":54}},"7":{"start":{"line":14,"column":0},"end":{"line":14,"column":60}},"8":{"start":{"line":16,"column":0},"end":{"line":16,"column":33}}},"fnMap":{},"branchMap":{},"s":{"0":5,"1":5,"2":5,"3":5,"4":5,"5":5,"6":5,"7":5,"8":5},"f":{},"b":{},"_coverageSchema":"1a1c01bbd47fc00a2c39e90264f33305004495a9","hash":"3c18b91676062a8edd01a7979572346272f5cc58"}
,"C:\\Users\\rich_\\OneDrive\\Personal\\Futureproof\\lap3\\project\\learning-app-server\\routers\\users.js": {"path":"C:\\Users\\rich_\\OneDrive\\Personal\\Futureproof\\lap3\\project\\learning-app-server\\routers\\users.js","statementMap":{"0":{"start":{"line":1,"column":19},"end":{"line":1,"column":37}},"1":{"start":{"line":3,"column":23},"end":{"line":3,"column":54}},"2":{"start":{"line":4,"column":22},"end":{"line":4,"column":60}},"3":{"start":{"line":6,"column":19},"end":{"line":6,"column":27}},"4":{"start":{"line":8,"column":0},"end":{"line":8,"column":70}},"5":{"start":{"line":9,"column":0},"end":{"line":9,"column":54}},"6":{"start":{"line":10,"column":0},"end":{"line":10,"column":48}},"7":{"start":{"line":11,"column":0},"end":{"line":11,"column":65}},"8":{"start":{"line":13,"column":0},"end":{"line":13,"column":28}}},"fnMap":{},"branchMap":{},"s":{"0":5,"1":5,"2":5,"3":5,"4":5,"5":5,"6":5,"7":5,"8":5},"f":{},"b":{},"_coverageSchema":"1a1c01bbd47fc00a2c39e90264f33305004495a9","hash":"b0bb9293eecd2272d827da8c58481eefb9e09d0b"}
}
