TN:
SF:api.js
FN:15,(anonymous_0)
FNF:1
FNH:1
FNDA:1,(anonymous_0)
DA:1,5
DA:2,5
DA:4,5
DA:5,5
DA:6,5
DA:7,5
DA:9,5
DA:11,5
DA:12,5
DA:13,5
DA:15,5
DA:16,1
DA:21,5
DA:22,5
DA:23,5
DA:25,5
LF:16
LH:16
BRF:0
BRH:0
end_of_record
TN:
SF:controllers\categories.js
FN:3,index
FN:14,show
FN:27,create
FNF:3
FNH:2
FNDA:2,index
FNDA:4,show
FNDA:0,create
DA:1,4
DA:4,2
DA:5,2
DA:6,2
DA:8,1
DA:10,1
DA:15,4
DA:16,4
DA:17,4
DA:18,4
DA:19,2
DA:21,2
DA:23,2
DA:28,0
DA:29,0
DA:30,0
DA:32,0
DA:34,0
DA:38,4
LF:19
LH:14
BRDA:18,0,0,2
BRDA:18,0,1,2
BRF:2
BRH:2
end_of_record
TN:
SF:controllers\questions.js
FN:4,index
FN:21,getQuestionsByCategory
FN:44,show
FN:58,create
FN:69,destroy
FNF:5
FNH:0
FNDA:0,index
FNDA:0,getQuestionsByCategory
FNDA:0,show
FNDA:0,create
FNDA:0,destroy
DA:1,4
DA:2,4
DA:5,0
DA:6,0
DA:9,0
DA:10,0
DA:11,0
DA:14,0
DA:16,0
DA:22,0
DA:24,0
DA:26,0
DA:27,0
DA:33,0
DA:34,0
DA:35,0
DA:38,0
DA:40,0
DA:45,0
DA:46,0
DA:47,0
DA:49,0
DA:50,0
DA:52,0
DA:54,0
DA:59,0
DA:60,0
DA:61,0
DA:63,0
DA:65,0
DA:70,0
DA:71,0
DA:72,0
DA:73,0
DA:74,0
DA:76,0
DA:80,4
LF:37
LH:3
BRF:0
BRH:0
end_of_record
TN:
SF:controllers\users.js
FN:6,register
FN:33,login
FN:60,logout
FN:80,authorize
FNF:4
FNH:0
FNDA:0,register
FNDA:0,login
FNDA:0,logout
FNDA:0,authorize
DA:1,4
DA:3,4
DA:4,4
DA:7,0
DA:8,0
DA:9,0
DA:10,0
DA:11,0
DA:17,0
DA:19,0
DA:20,0
DA:23,0
DA:24,0
DA:25,0
DA:26,0
DA:27,0
DA:29,0
DA:34,0
DA:35,0
DA:36,0
DA:38,0
DA:39,0
DA:43,0
DA:47,0
DA:48,0
DA:50,0
DA:51,0
DA:52,0
DA:53,0
DA:56,0
DA:61,0
DA:62,0
DA:64,0
DA:66,0
DA:67,0
DA:70,0
DA:72,0
DA:76,0
DA:81,0
DA:82,0
DA:84,0
DA:85,0
DA:88,0
DA:90,0
DA:91,0
DA:94,0
DA:95,0
DA:97,0
DA:103,4
LF:49
LH:4
BRDA:11,0,0,0
BRDA:11,0,1,0
BRDA:12,1,0,0
BRDA:12,1,1,0
BRDA:12,1,2,0
BRDA:12,1,3,0
BRDA:19,2,0,0
BRDA:19,2,1,0
BRDA:38,3,0,0
BRDA:38,3,1,0
BRDA:47,4,0,0
BRDA:47,4,1,0
BRDA:66,5,0,0
BRDA:66,5,1,0
BRDA:84,6,0,0
BRDA:84,6,1,0
BRDA:90,7,0,0
BRDA:90,7,1,0
BRF:18
BRH:0
end_of_record
TN:
SF:database\connect.js
FNF:0
FNH:0
DA:1,6
DA:2,6
DA:4,6
DA:8,6
DA:10,6
LF:5
LH:5
BRF:0
BRH:0
end_of_record
TN:
SF:middleware\authenticator.js
FN:3,authenticator
FNF:1
FNH:0
FNDA:0,authenticator
DA:1,5
DA:4,0
DA:5,0
DA:7,0
DA:8,0
DA:10,0
DA:11,0
DA:14,0
DA:18,5
LF:9
LH:2
BRDA:7,0,0,0
BRDA:7,0,1,0
BRF:2
BRH:0
end_of_record
TN:
SF:middleware\logger.js
FN:1,logRoutes
FNF:1
FNH:1
FNDA:13,logRoutes
DA:2,13
DA:3,13
DA:6,5
LF:3
LH:3
BRF:0
BRH:0
end_of_record
TN:
SF:models\Answer.js
FN:4,(anonymous_0)
FN:11,(anonymous_1)
FN:13,(anonymous_2)
FN:16,(anonymous_3)
FN:26,(anonymous_4)
FN:37,(anonymous_5)
FN:45,(anonymous_6)
FN:49,(anonymous_7)
FNF:8
FNH:0
FNDA:0,(anonymous_0)
FNDA:0,(anonymous_1)
FNDA:0,(anonymous_2)
FNDA:0,(anonymous_3)
FNDA:0,(anonymous_4)
FNDA:0,(anonymous_5)
FNDA:0,(anonymous_6)
FNDA:0,(anonymous_7)
DA:1,4
DA:5,0
DA:6,0
DA:7,0
DA:8,0
DA:12,0
DA:13,0
DA:17,0
DA:21,0
DA:22,0
DA:23,0
DA:27,0
DA:30,0
DA:31,0
DA:33,0
DA:38,0
DA:42,0
DA:43,0
DA:45,0
DA:50,0
DA:55,0
DA:59,4
LF:22
LH:2
BRDA:30,0,0,0
BRDA:30,0,1,0
BRDA:42,1,0,0
BRDA:42,1,1,0
BRF:4
BRH:0
end_of_record
TN:
SF:models\Category.js
FN:4,(anonymous_0)
FN:10,(anonymous_1)
FN:15,(anonymous_2)
FN:18,(anonymous_3)
FN:29,(anonymous_4)
FN:35,(anonymous_5)
FNF:6
FNH:0
FNDA:0,(anonymous_0)
FNDA:0,(anonymous_1)
FNDA:0,(anonymous_2)
FNDA:0,(anonymous_3)
FNDA:0,(anonymous_4)
FNDA:0,(anonymous_5)
DA:1,4
DA:5,0
DA:6,0
DA:7,0
DA:11,0
DA:15,0
DA:19,0
DA:23,0
DA:24,0
DA:26,0
DA:30,0
DA:31,0
DA:35,0
DA:39,4
LF:14
LH:2
BRDA:23,0,0,0
BRDA:23,0,1,0
BRF:2
BRH:0
end_of_record
TN:
SF:models\Question.js
FN:4,(anonymous_0)
FN:10,(anonymous_1)
FN:12,(anonymous_2)
FN:15,(anonymous_3)
FN:25,(anonymous_4)
FN:37,(anonymous_5)
FN:45,(anonymous_6)
FN:49,(anonymous_7)
FNF:8
FNH:0
FNDA:0,(anonymous_0)
FNDA:0,(anonymous_1)
FNDA:0,(anonymous_2)
FNDA:0,(anonymous_3)
FNDA:0,(anonymous_4)
FNDA:0,(anonymous_5)
FNDA:0,(anonymous_6)
FNDA:0,(anonymous_7)
DA:1,4
DA:5,0
DA:6,0
DA:7,0
DA:11,0
DA:12,0
DA:16,0
DA:20,0
DA:21,0
DA:22,0
DA:26,0
DA:30,0
DA:31,0
DA:33,0
DA:38,0
DA:42,0
DA:43,0
DA:45,0
DA:50,0
DA:55,0
DA:59,4
LF:21
LH:2
BRDA:30,0,0,0
BRDA:30,0,1,0
BRDA:42,1,0,0
BRDA:42,1,1,0
BRF:4
BRH:0
end_of_record
TN:
SF:models\Token.js
FN:6,(anonymous_0)
FN:12,(anonymous_1)
FN:23,(anonymous_2)
FN:34,(anonymous_3)
FN:46,(anonymous_4)
FNF:5
FNH:0
FNDA:0,(anonymous_0)
FNDA:0,(anonymous_1)
FNDA:0,(anonymous_2)
FNDA:0,(anonymous_3)
FNDA:0,(anonymous_4)
DA:1,5
DA:3,5
DA:7,0
DA:8,0
DA:9,0
DA:13,0
DA:14,0
DA:18,0
DA:19,0
DA:20,0
DA:24,0
DA:27,0
DA:28,0
DA:30,0
DA:35,0
DA:39,0
DA:40,0
DA:42,0
DA:47,0
DA:52,0
DA:56,5
LF:21
LH:3
BRDA:27,0,0,0
BRDA:27,0,1,0
BRDA:39,1,0,0
BRDA:39,1,1,0
BRF:4
BRH:0
end_of_record
TN:
SF:models\User.js
FN:4,(anonymous_0)
FN:12,(anonymous_1)
FN:22,(anonymous_2)
FN:33,(anonymous_3)
FN:41,(anonymous_4)
FNF:5
FNH:0
FNDA:0,(anonymous_0)
FNDA:0,(anonymous_1)
FNDA:0,(anonymous_2)
FNDA:0,(anonymous_3)
FNDA:0,(anonymous_4)
DA:1,4
DA:5,0
DA:6,0
DA:7,0
DA:8,0
DA:9,0
DA:13,0
DA:16,0
DA:17,0
DA:19,0
DA:23,0
DA:27,0
DA:28,0
DA:30,0
DA:34,0
DA:38,0
DA:42,0
DA:43,0
DA:47,0
DA:48,0
DA:49,0
DA:53,4
LF:22
LH:2
BRDA:16,0,0,0
BRDA:16,0,1,0
BRDA:27,1,0,0
BRDA:27,1,1,0
BRF:4
BRH:0
end_of_record
TN:
SF:routers\categories.js
FNF:0
FNH:0
DA:1,5
DA:3,5
DA:5,5
DA:7,5
DA:8,5
DA:9,5
DA:11,5
LF:7
LH:7
BRF:0
BRH:0
end_of_record
TN:
SF:routers\questions.js
FNF:0
FNH:0
DA:1,5
DA:3,5
DA:5,5
DA:7,5
DA:11,5
DA:12,5
DA:13,5
DA:14,5
DA:16,5
LF:9
LH:9
BRF:0
BRH:0
end_of_record
TN:
SF:routers\users.js
FNF:0
FNH:0
DA:1,5
DA:3,5
DA:4,5
DA:6,5
DA:8,5
DA:9,5
DA:10,5
DA:11,5
DA:13,5
LF:9
LH:9
BRF:0
BRH:0
end_of_record
